<?xml version="1.0" encoding="UTF-8"?>
<testsuite xmlns:xsi="http://www.w3.org/2001/XMLSchema-instance" xsi:schemaLocation="https://maven.apache.org/surefire/maven-surefire-plugin/xsd/surefire-test-report.xsd" name="TestSuite" time="179.086" tests="19" errors="0" skipped="0" failures="1">
  <properties>
    <property name="java.runtime.name" value="Java(TM) SE Runtime Environment"/>
    <property name="java.vm.version" value="17.0.5+9-LTS-191"/>
    <property name="sun.boot.library.path" value="C:\Program Files\Java\jdk-17.0.5\bin"/>
    <property name="maven.multiModuleProjectDirectory" value="C:\Users\MNaebeh\Downloads\Automation Testing\Magento-Ecommerce-Automation-Testing-main"/>
    <property name="java.vm.vendor" value="Oracle Corporation"/>
    <property name="java.vendor.url" value="https://java.oracle.com/"/>
    <property name="guice.disable.misplaced.annotation.check" value="true"/>
    <property name="path.separator" value=";"/>
    <property name="java.vm.name" value="Java HotSpot(TM) 64-Bit Server VM"/>
    <property name="sun.os.patch.level" value=""/>
    <property name="user.script" value=""/>
    <property name="user.country" value="US"/>
    <property name="sun.java.launcher" value="SUN_STANDARD"/>
    <property name="java.vm.specification.name" value="Java Virtual Machine Specification"/>
    <property name="user.dir" value="C:\Users\MNaebeh\Downloads\Automation Testing\Magento-Ecommerce-Automation-Testing-main"/>
    <property name="java.vm.compressedOopsMode" value="32-bit"/>
    <property name="java.runtime.version" value="17.0.5+9-LTS-191"/>
    <property name="os.arch" value="amd64"/>
    <property name="java.io.tmpdir" value="C:\Users\MNaebeh\AppData\Local\Temp\"/>
    <property name="line.separator" value="&#10;"/>
    <property name="java.vm.specification.vendor" value="Oracle Corporation"/>
    <property name="user.variant" value=""/>
    <property name="os.name" value="Windows 11"/>
    <property name="classworlds.conf" value="C:\Program Files\Maven\apache-maven-3.8.6\bin\m2.conf"/>
    <property name="sun.jnu.encoding" value="Cp1252"/>
    <property name="java.library.path" value="C:\Program Files\Java\jdk-17.0.5\bin;C:\Windows\Sun\Java\bin;C:\Windows\system32;C:\Windows;C:\Windows\system32;C:\Windows;C:\Windows\System32\Wbem;C:\Windows\System32\WindowsPowerShell\v1.0\;C:\Windows\System32\OpenSSH\;C:\Program Files\Java\jdk-17.0.5\bin;C:\Program Files\Maven\apache-maven-3.8.6\bin;C:\composer;C:\Program Files\Git\cmd;C:\Program Files\Docker\Docker\resources\bin;C:\wamp64\bin\php\php8.2.0;C:\Program Files\nodejs\;C:\Program Files\nodejs\node_modules\npm\bin;C:\Users\MNaebeh\scoop\shims;C:\Users\MNaebeh\AppData\Local\Microsoft\WindowsApps;C:\Program Files\Maven\apache-maven-3.8.6\bin;C:\Users\MNaebeh\AppData\Roaming\Composer\vendor\bin;C:\Users\MNaebeh\AppData\Local\Programs\Microsoft VS Code\bin;C:\Users\MNaebeh\AppData\Roaming\npm;."/>
    <property name="maven.conf" value="C:\Program Files\Maven\apache-maven-3.8.6/conf"/>
    <property name="jdk.debug" value="release"/>
    <property name="java.class.version" value="61.0"/>
    <property name="java.specification.name" value="Java Platform API Specification"/>
    <property name="sun.management.compiler" value="HotSpot 64-Bit Tiered Compilers"/>
    <property name="os.version" value="10.0"/>
    <property name="library.jansi.path" value="C:\Program Files\Maven\apache-maven-3.8.6\lib\jansi-native"/>
    <property name="user.home" value="C:\Users\MNaebeh"/>
    <property name="user.timezone" value="Africa/Cairo"/>
    <property name="file.encoding" value="Cp1252"/>
    <property name="java.specification.version" value="17"/>
    <property name="user.name" value="MNaebeh"/>
    <property name="java.class.path" value="C:\Program Files\Maven\apache-maven-3.8.6\boot\plexus-classworlds-2.6.0.jar"/>
    <property name="java.vm.specification.version" value="17"/>
    <property name="sun.arch.data.model" value="64"/>
    <property name="sun.java.command" value="org.codehaus.plexus.classworlds.launcher.Launcher clean test"/>
    <property name="java.home" value="C:\Program Files\Java\jdk-17.0.5"/>
    <property name="user.language" value="en"/>
    <property name="java.specification.vendor" value="Oracle Corporation"/>
    <property name="java.vm.info" value="mixed mode, sharing"/>
    <property name="java.version" value="17.0.5"/>
    <property name="native.encoding" value="Cp1252"/>
    <property name="java.vendor" value="Oracle Corporation"/>
    <property name="sun.stderr.encoding" value="cp437"/>
    <property name="maven.home" value="C:\Program Files\Maven\apache-maven-3.8.6"/>
    <property name="file.separator" value="\"/>
    <property name="java.version.date" value="2022-10-18"/>
    <property name="java.vendor.url.bug" value="https://bugreport.java.com/bugreport/"/>
    <property name="sun.io.unicode.encoding" value="UnicodeLittle"/>
    <property name="sun.cpu.endian" value="little"/>
    <property name="sun.stdout.encoding" value="cp437"/>
    <property name="sun.cpu.isalist" value="amd64"/>
  </properties>
  <testcase name="verify_title_of_home_page" classname="Test.TC01" time="0.968"/>
  <testcase name="verfiy_title_of_mobile_page" classname="Test.TC01" time="3.117"/>
  <testcase name="verify_product_sort_by_name" classname="Test.TC01" time="1.608"/>
  <testcase name="verify_product_value" classname="Test.TC02" time="2.982"/>
  <testcase name="verify_can_not_add_more_500_product_in_cart" classname="Test.TC03" time="8.56"/>
  <testcase name="verify_cart_is_empty" classname="Test.TC03" time="1.876"/>
  <testcase name="verify_pop_up_compare_window" classname="Test.TC04" time="4.775"/>
  <testcase name="verify_pop_up_window_closed" classname="Test.TC04" time="0.238"/>
  <testcase name="verify_account_register_done" classname="Test.TC05" time="10.919"/>
  <testcase name="verify_wishlist_shared_successfully" classname="Test.TC05" time="9.48"/>
  <testcase name="verify_flat_rate_shipping_of_5$_is_genrated" classname="Test.TC06" time="17.365"/>
  <testcase name="verify_shipping_cost_is_add_total" classname="Test.TC06" time="0.725"/>
  <testcase name="verify_order_is_created" classname="Test.TC06" time="11.978"/>
  <testcase name="verify_recent_order_is_display" classname="Test.TC07" time="5.553"/>
  <testcase name="verify_order_is_saved_as_pdf" classname="Test.TC07" time="25.238">
    <failure message="C:\Users\MNaebeh\Downloads\Automation Testing\Magento-Ecommerce-Automation-Testing-main\screenelement\print.png: (70x34) in R[0,0 1280x720]@S(0)" type="org.sikuli.script.FindFailed">org.sikuli.script.FindFailed: C:\Users\MNaebeh\Downloads\Automation Testing\Magento-Ecommerce-Automation-Testing-main\screenelement\print.png: (70x34) in R[0,0 1280x720]@S(0)
	at Test.TC07.verify_order_is_saved_as_pdf(TC07.java:38)
</failure>
    <system-out><![CDATA[Print Order # 100019353
]]></system-out>
  </testcase>
  <testcase name="verify_grand_total_changed" classname="Test.TC08" time="9.631"/>
  <testcase name="verify_order_number_is_genrated" classname="Test.TC08" time="5.852"/>
  <testcase name="verify_dicount_is_applied" classname="Test.TC09" time="4.327"/>
  <testcase name="verify_console_display_all_order_information" classname="Test.TC10" time="24.961"/>
</testsuite>