<?xml version="1.0" encoding="UTF-8"?>
<!-- Generated by org.testng.reporters.JUnitReportReporter -->
<testsuite hostname="DESKTOP-CNGLH68" failures="0" tests="1" name="Test.TC02" time="2.981" errors="0" timestamp="28 May 2023 21:01:07 GMT" skipped="0">
  <testcase classname="Test.TC02" name="verify_product_value" time="2.981"/>
</testsuite> <!-- Test.TC02 -->
