<?xml version="1.0" encoding="UTF-8"?>
<!-- Generated by org.testng.reporters.JUnitReportReporter -->
<testsuite hostname="DESKTOP-CNGLH68" failures="0" tests="3" name="Test.TC01" time="5.692" errors="0" timestamp="28 May 2023 21:01:07 GMT" skipped="0">
  <testcase classname="Test.TC01" name="verify_title_of_home_page" time="0.969"/>
  <testcase classname="Test.TC01" name="verfiy_title_of_mobile_page" time="3.116"/>
  <testcase classname="Test.TC01" name="verify_product_sort_by_name" time="1.607"/>
</testsuite> <!-- Test.TC01 -->
