<?xml version="1.0" encoding="UTF-8"?>
<!-- Generated by org.testng.reporters.JUnitReportReporter -->
<testsuite skipped="0" hostname="DESKTOP-TUBAGFL" name="Test.TC08" tests="2" failures="0" timestamp="29 Mar 2023 18:52:36 GMT" time="9.496" errors="0">
  <testcase name="verify_grand_total_changed" time="5.277" classname="Test.TC08"/>
  <testcase name="verify_order_number_is_genrated" time="4.219" classname="Test.TC08"/>
</testsuite> <!-- Test.TC08 -->
