<?xml version="1.0" encoding="UTF-8"?>
<!-- Generated by org.testng.reporters.JUnitReportReporter -->
<testsuite hostname="DESKTOP-CNGLH68" failures="0" tests="2" name="Test.TC03" time="10.436" errors="0" timestamp="28 May 2023 21:01:07 GMT" skipped="0">
  <testcase classname="Test.TC03" name="verify_can_not_add_more_500_product_in_cart" time="8.560"/>
  <testcase classname="Test.TC03" name="verify_cart_is_empty" time="1.876"/>
</testsuite> <!-- Test.TC03 -->
