<?xml version="1.0" encoding="UTF-8"?>
<!-- Generated by org.testng.reporters.JUnitReportReporter -->
<testsuite hostname="DESKTOP-CNGLH68" failures="0" tests="2" name="Test.TC04" time="5.010" errors="0" timestamp="28 May 2023 21:01:07 GMT" skipped="0">
  <testcase classname="Test.TC04" name="verify_pop_up_compare_window" time="4.774"/>
  <testcase classname="Test.TC04" name="verify_pop_up_window_closed" time="0.236"/>
</testsuite> <!-- Test.TC04 -->
