<?xml version="1.0" encoding="UTF-8"?>
<!-- Generated by org.testng.reporters.JUnitReportReporter -->
<testsuite skipped="0" hostname="DESKTOP-TUBAGFL" name="Test.TC05" tests="2" failures="0" timestamp="29 Mar 2023 18:52:36 GMT" time="8.539" errors="0">
  <testcase name="verify_wishlist_shared_successfully" time="4.078" classname="Test.TC05"/>
  <testcase name="verify_account_register_done" time="4.461" classname="Test.TC05"/>
</testsuite> <!-- Test.TC05 -->
