<?xml version="1.0" encoding="UTF-8"?>
<!-- Generated by org.testng.reporters.JUnitReportReporter -->
<testsuite skipped="0" hostname="DESKTOP-TUBAGFL" name="Test.TC08" tests="2" failures="0" timestamp="31 Mar 2023 16:09:54 GMT" time="9.118" errors="0">
  <testcase name="verify_grand_total_changed" time="5.053" classname="Test.TC08"/>
  <testcase name="verify_order_number_is_genrated" time="4.065" classname="Test.TC08"/>
</testsuite> <!-- Test.TC08 -->
