<?xml version="1.0" encoding="UTF-8"?>
<!-- Generated by org.testng.reporters.JUnitReportReporter -->
<testsuite skipped="0" hostname="DESKTOP-TUBAGFL" name="Test.TC03" tests="2" failures="0" timestamp="01 Apr 2023 13:43:09 GMT" time="4.161" errors="0">
  <testcase name="verify_can_not_add_more_500_product_in_cart" time="3.270" classname="Test.TC03"/>
  <testcase name="verify_cart_is_empty" time="0.891" classname="Test.TC03"/>
</testsuite> <!-- Test.TC03 -->
