<?xml version="1.0" encoding="UTF-8"?>
<!-- Generated by org.testng.reporters.JUnitReportReporter -->
<testsuite skipped="0" hostname="DESKTOP-TUBAGFL" name="Test.TC09" tests="1" failures="0" timestamp="01 Apr 2023 13:43:09 GMT" time="3.162" errors="0">
  <testcase name="verify_dicount_is_applied" time="3.162" classname="Test.TC09"/>
</testsuite> <!-- Test.TC09 -->
