<?xml version="1.0" encoding="UTF-8"?>
<!-- Generated by org.testng.reporters.JUnitReportReporter -->
<testsuite hostname="DESKTOP-CNGLH68" failures="0" tests="2" name="Test.TC07" time="30.760" errors="1" timestamp="28 May 2023 21:01:07 GMT" skipped="0">
  <testcase classname="Test.TC07" name="verify_recent_order_is_display" time="5.544"/>
  <testcase classname="Test.TC07" name="verify_order_is_saved_as_pdf" time="25.216">
    <error message="C:\Users\MNaebeh\Downloads\Automation Testing\Magento-Ecommerce-Automation-Testing-main\screenelement\print.png: (70x34) in R[0,0 1280x720]@S(0)" type="org.sikuli.script.FindFailed">
      <![CDATA[FindFailed: C:\Users\MNaebeh\Downloads\Automation Testing\Magento-Ecommerce-Automation-Testing-main\screenelement\print.png: (70x34) in R[0,0 1280x720]@S(0)
  Line 2226, in file Region.java

at org.sikuli.script.Region.wait(Region.java:2226)
at Page.BasePage.clickScreenButton(BasePage.java:77)
at Page.OrderPage.click_print(OrderPage.java:29)
at Test.TC07.verify_order_is_saved_as_pdf(TC07.java:38)
at java.base/jdk.internal.reflect.NativeMethodAccessorImpl.invoke0(Native Method)
at java.base/jdk.internal.reflect.NativeMethodAccessorImpl.invoke(NativeMethodAccessorImpl.java:77)
at java.base/jdk.internal.reflect.DelegatingMethodAccessorImpl.invoke(DelegatingMethodAccessorImpl.java:43)
at java.base/java.lang.reflect.Method.invoke(Method.java:568)
at org.testng.internal.MethodInvocationHelper.invokeMethod(MethodInvocationHelper.java:124)
at org.testng.internal.Invoker.invokeMethod(Invoker.java:583)
at org.testng.internal.Invoker.invokeTestMethod(Invoker.java:719)
at org.testng.internal.Invoker.invokeTestMethods(Invoker.java:989)
at org.testng.internal.TestMethodWorker.invokeTestMethods(TestMethodWorker.java:125)
at org.testng.internal.TestMethodWorker.run(TestMethodWorker.java:109)
at org.testng.TestRunner.privateRun(TestRunner.java:648)
at org.testng.TestRunner.run(TestRunner.java:505)
at org.testng.SuiteRunner.runTest(SuiteRunner.java:455)
at org.testng.SuiteRunner.runSequentially(SuiteRunner.java:450)
at org.testng.SuiteRunner.privateRun(SuiteRunner.java:415)
at org.testng.SuiteRunner.run(SuiteRunner.java:364)
at org.testng.SuiteRunnerWorker.runSuite(SuiteRunnerWorker.java:52)
at org.testng.SuiteRunnerWorker.run(SuiteRunnerWorker.java:84)
at org.testng.TestNG.runSuitesSequentially(TestNG.java:1208)
at org.testng.TestNG.runSuitesLocally(TestNG.java:1137)
at org.testng.TestNG.runSuites(TestNG.java:1049)
at org.testng.TestNG.run(TestNG.java:1017)
at org.apache.maven.surefire.testng.TestNGExecutor.run(TestNGExecutor.java:281)
at org.apache.maven.surefire.testng.TestNGXmlTestSuite.execute(TestNGXmlTestSuite.java:75)
at org.apache.maven.surefire.testng.TestNGProvider.invoke(TestNGProvider.java:121)
at org.apache.maven.surefire.booter.ForkedBooter.invokeProviderInSameClassLoader(ForkedBooter.java:290)
at org.apache.maven.surefire.booter.ForkedBooter.runSuitesInProcess(ForkedBooter.java:242)
at org.apache.maven.surefire.booter.ForkedBooter.main(ForkedBooter.java:121)
]]>
    </error>
  </testcase> <!-- verify_order_is_saved_as_pdf -->
</testsuite> <!-- Test.TC07 -->
