<?xml version="1.0" encoding="UTF-8"?>
<!-- Generated by org.testng.reporters.JUnitReportReporter -->
<testsuite skipped="0" hostname="DESKTOP-TUBAGFL" name="Test.TC10" tests="1" failures="0" timestamp="01 Apr 2023 11:01:35 GMT" time="24.391" errors="0">
  <testcase name="verify_console_display_all_order_information" time="24.391" classname="Test.TC10"/>
</testsuite> <!-- Test.TC10 -->
