<?xml version="1.0" encoding="UTF-8"?>
<!-- Generated by org.testng.reporters.JUnitReportReporter -->
<testsuite skipped="0" hostname="DESKTOP-TUBAGFL" name="Test.TC07" tests="2" failures="0" timestamp="29 Mar 2023 18:52:36 GMT" time="4.134" errors="0">
  <testcase name="verify_recent_order_is_display" time="3.232" classname="Test.TC07"/>
  <testcase name="verify_order_is_saved_as_pdf" time="0.902" classname="Test.TC07"/>
</testsuite> <!-- Test.TC07 -->
