<?xml version="1.0" encoding="UTF-8"?>
<!-- Generated by org.testng.reporters.JUnitReportReporter -->
<testsuite skipped="0" hostname="DESKTOP-TUBAGFL" name="Test.TC04" tests="2" failures="0" timestamp="29 Mar 2023 18:52:36 GMT" time="4.228" errors="0">
  <testcase name="verify_pop_up_compare_window" time="4.104" classname="Test.TC04"/>
  <testcase name="verify_pop_up_window_closed" time="0.124" classname="Test.TC04"/>
</testsuite> <!-- Test.TC04 -->
