<?xml version="1.0" encoding="UTF-8"?>
<!-- Generated by org.testng.reporters.JUnitReportReporter -->
<testsuite hostname="DESKTOP-CNGLH68" failures="0" tests="3" name="Test.TC06" time="30.076" errors="0" timestamp="28 May 2023 21:01:07 GMT" skipped="0">
  <testcase classname="Test.TC06" name="verify_flat_rate_shipping_of_5$_is_genrated" time="17.366"/>
  <testcase classname="Test.TC06" name="verify_shipping_cost_is_add_total" time="0.724"/>
  <testcase classname="Test.TC06" name="verify_order_is_created" time="11.986"/>
</testsuite> <!-- Test.TC06 -->
