<?xml version="1.0" encoding="UTF-8"?>
<!-- Generated by org.testng.reporters.JUnitReportReporter -->
<testsuite skipped="0" hostname="DESKTOP-TUBAGFL" name="Test.TC04" tests="2" failures="0" timestamp="01 Apr 2023 11:01:35 GMT" time="3.889" errors="0">
  <testcase name="verify_pop_up_compare_window" time="3.828" classname="Test.TC04"/>
  <testcase name="verify_pop_up_window_closed" time="0.061" classname="Test.TC04"/>
</testsuite> <!-- Test.TC04 -->
