<?xml version="1.0" encoding="UTF-8"?>
<!-- Generated by org.testng.reporters.JUnitReportReporter -->
<testsuite skipped="0" hostname="DESKTOP-TUBAGFL" name="Test.TC05" tests="2" failures="0" timestamp="01 Apr 2023 11:01:35 GMT" time="8.228" errors="0">
  <testcase name="verify_account_register_done" time="4.297" classname="Test.TC05"/>
  <testcase name="verify_wishlist_shared_successfully" time="3.931" classname="Test.TC05"/>
</testsuite> <!-- Test.TC05 -->
