<?xml version="1.0" encoding="UTF-8"?>
<!-- Generated by org.testng.reporters.JUnitReportReporter -->
<testsuite skipped="0" hostname="DESKTOP-TUBAGFL" name="Test.TC01" tests="3" failures="0" timestamp="29 Mar 2023 18:52:36 GMT" time="2.040" errors="0">
  <testcase name="verify_title_of_home_page" time="0.171" classname="Test.TC01"/>
  <testcase name="verfiy_title_of_mobile_page" time="0.987" classname="Test.TC01"/>
  <testcase name="verify_product_sort_by_name" time="0.882" classname="Test.TC01"/>
</testsuite> <!-- Test.TC01 -->
