<?xml version="1.0" encoding="UTF-8"?>
<!-- Generated by org.testng.reporters.JUnitReportReporter -->
<testsuite skipped="0" hostname="DESKTOP-TUBAGFL" name="Test.TC07" tests="2" failures="0" timestamp="31 Mar 2023 16:09:54 GMT" time="8.547" errors="0">
  <testcase name="verify_recent_order_is_display" time="3.300" classname="Test.TC07"/>
  <testcase name="verify_order_is_saved_as_pdf" time="5.247" classname="Test.TC07"/>
</testsuite> <!-- Test.TC07 -->
