<?xml version="1.0" encoding="UTF-8"?>
<!-- Generated by org.testng.reporters.JUnitReportReporter -->
<testsuite skipped="0" hostname="DESKTOP-TUBAGFL" name="Test.TC06" tests="3" failures="0" timestamp="01 Apr 2023 13:43:09 GMT" time="16.837" errors="0">
  <testcase name="verify_flat_rate_shipping_of_5$_is_genrated" time="9.406" classname="Test.TC06"/>
  <testcase name="verify_shipping_cost_is_add_total" time="0.149" classname="Test.TC06"/>
  <testcase name="verify_order_is_created" time="7.282" classname="Test.TC06"/>
</testsuite> <!-- Test.TC06 -->
