<?xml version="1.0" encoding="UTF-8"?>
<!-- Generated by org.testng.reporters.JUnitReportReporter -->
<testsuite skipped="0" hostname="DESKTOP-TUBAGFL" name="Test.TC08" tests="2" failures="0" timestamp="01 Apr 2023 13:43:09 GMT" time="8.996" errors="0">
  <testcase name="verify_grand_total_changed" time="4.869" classname="Test.TC08"/>
  <testcase name="verify_order_number_is_genrated" time="4.127" classname="Test.TC08"/>
</testsuite> <!-- Test.TC08 -->
