<?xml version="1.0" encoding="UTF-8"?>
<!-- Generated by org.testng.reporters.JUnitReportReporter -->
<testsuite skipped="0" hostname="DESKTOP-TUBAGFL" name="Test.TC03" tests="2" failures="0" timestamp="01 Apr 2023 11:01:35 GMT" time="6.161" errors="0">
  <testcase name="verify_can_not_add_more_500_product_in_cart" time="5.245" classname="Test.TC03"/>
  <testcase name="verify_cart_is_empty" time="0.916" classname="Test.TC03"/>
</testsuite> <!-- Test.TC03 -->
