<?xml version="1.0" encoding="UTF-8"?>
<!-- Generated by org.testng.reporters.JUnitReportReporter -->
<testsuite skipped="0" hostname="DESKTOP-TUBAGFL" name="Test.TC09" tests="1" failures="0" timestamp="31 Mar 2023 16:09:54 GMT" time="3.246" errors="0">
  <testcase name="verify_dicount_is_applied" time="3.246" classname="Test.TC09"/>
</testsuite> <!-- Test.TC09 -->
