<?xml version="1.0" encoding="UTF-8"?>
<!-- Generated by org.testng.reporters.JUnitReportReporter -->
<testsuite skipped="0" hostname="DESKTOP-TUBAGFL" name="Test.TC02" tests="1" failures="0" timestamp="29 Mar 2023 18:52:36 GMT" time="2.409" errors="0">
  <testcase name="verify_product_value" time="2.409" classname="Test.TC02"/>
</testsuite> <!-- Test.TC02 -->
