<?xml version="1.0" encoding="UTF-8"?>
<!-- Generated by org.testng.reporters.JUnitReportReporter -->
<testsuite skipped="0" hostname="DESKTOP-TUBAGFL" name="Test.TC06" tests="3" failures="0" timestamp="29 Mar 2023 18:52:36 GMT" time="17.393" errors="0">
  <testcase name="verify_flat_rate_shipping_of_5$_is_genrated" time="10.721" classname="Test.TC06"/>
  <testcase name="verify_shipping_cost_is_add_total" time="0.167" classname="Test.TC06"/>
  <testcase name="verify_order_is_created" time="6.505" classname="Test.TC06"/>
</testsuite> <!-- Test.TC06 -->
