<?xml version="1.0" encoding="UTF-8"?>
<!-- Generated by org.testng.reporters.JUnitReportReporter -->
<testsuite hostname="DESKTOP-CNGLH68" failures="0" tests="2" name="Test.TC05" time="20.398" errors="0" timestamp="28 May 2023 21:01:07 GMT" skipped="0">
  <testcase classname="Test.TC05" name="verify_account_register_done" time="10.919"/>
  <testcase classname="Test.TC05" name="verify_wishlist_shared_successfully" time="9.479"/>
</testsuite> <!-- Test.TC05 -->
