<?xml version="1.0" encoding="UTF-8"?>
<!-- Generated by org.testng.reporters.JUnitReportReporter -->
<testsuite skipped="0" hostname="DESKTOP-TUBAGFL" name="Test.TC08" tests="2" failures="0" timestamp="01 Apr 2023 11:01:35 GMT" time="8.899" errors="0">
  <testcase name="verify_grand_total_changed" time="4.891" classname="Test.TC08"/>
  <testcase name="verify_order_number_is_genrated" time="4.008" classname="Test.TC08"/>
</testsuite> <!-- Test.TC08 -->
