<?xml version="1.0" encoding="UTF-8"?>
<!-- Generated by org.testng.reporters.JUnitReportReporter -->
<testsuite skipped="0" hostname="DESKTOP-TUBAGFL" name="Test.TC06" tests="3" failures="0" timestamp="31 Mar 2023 16:09:54 GMT" time="17.360" errors="0">
  <testcase name="verify_flat_rate_shipping_of_5$_is_genrated" time="10.625" classname="Test.TC06"/>
  <testcase name="verify_shipping_cost_is_add_total" time="0.159" classname="Test.TC06"/>
  <testcase name="verify_order_is_created" time="6.576" classname="Test.TC06"/>
</testsuite> <!-- Test.TC06 -->
