<?xml version="1.0" encoding="UTF-8"?>
<!-- Generated by org.testng.reporters.JUnitReportReporter -->
<testsuite skipped="0" hostname="DESKTOP-TUBAGFL" name="Test.TC10" tests="1" failures="0" timestamp="29 Mar 2023 18:52:36 GMT" time="23.519" errors="0">
  <testcase name="verify_console_display_all_order_information" time="23.519" classname="Test.TC10"/>
</testsuite> <!-- Test.TC10 -->
