<?xml version="1.0" encoding="UTF-8"?>
<!-- Generated by org.testng.reporters.JUnitReportReporter -->
<testsuite hostname="DESKTOP-CNGLH68" failures="0" tests="1" name="Test.TC09" time="4.327" errors="0" timestamp="28 May 2023 21:01:07 GMT" skipped="0">
  <testcase classname="Test.TC09" name="verify_dicount_is_applied" time="4.327"/>
</testsuite> <!-- Test.TC09 -->
