<?xml version="1.0" encoding="UTF-8"?>
<!-- Generated by org.testng.reporters.JUnitReportReporter -->
<testsuite skipped="0" hostname="DESKTOP-TUBAGFL" name="Test.TC07" tests="2" failures="0" timestamp="01 Apr 2023 13:43:09 GMT" time="13.254" errors="0">
  <testcase name="verify_recent_order_is_display" time="2.971" classname="Test.TC07"/>
  <testcase name="verify_order_is_saved_as_pdf" time="10.283" classname="Test.TC07"/>
</testsuite> <!-- Test.TC07 -->
