<?xml version="1.0" encoding="UTF-8"?>
<!-- Generated by org.testng.reporters.JUnitReportReporter -->
<testsuite hostname="DESKTOP-CNGLH68" failures="0" tests="2" name="Test.TC08" time="15.486" errors="0" timestamp="28 May 2023 21:01:07 GMT" skipped="0">
  <testcase classname="Test.TC08" name="verify_grand_total_changed" time="9.634"/>
  <testcase classname="Test.TC08" name="verify_order_number_is_genrated" time="5.852"/>
</testsuite> <!-- Test.TC08 -->
