<?xml version="1.0" encoding="UTF-8"?>
<!-- Generated by org.testng.reporters.JUnitReportReporter -->
<testsuite skipped="0" hostname="DESKTOP-TUBAGFL" name="Test.TC04" tests="2" failures="0" timestamp="31 Mar 2023 16:09:54 GMT" time="3.879" errors="0">
  <testcase name="verify_pop_up_compare_window" time="3.813" classname="Test.TC04"/>
  <testcase name="verify_pop_up_window_closed" time="0.066" classname="Test.TC04"/>
</testsuite> <!-- Test.TC04 -->
