<?xml version="1.0" encoding="UTF-8"?>
<!-- Generated by org.testng.reporters.JUnitReportReporter -->
<testsuite skipped="0" hostname="DESKTOP-TUBAGFL" name="Test.TC01" tests="3" failures="0" timestamp="01 Apr 2023 11:01:35 GMT" time="2.260" errors="0">
  <testcase name="verify_title_of_home_page" time="0.215" classname="Test.TC01"/>
  <testcase name="verfiy_title_of_mobile_page" time="1.161" classname="Test.TC01"/>
  <testcase name="verify_product_sort_by_name" time="0.884" classname="Test.TC01"/>
</testsuite> <!-- Test.TC01 -->
