<?xml version="1.0" encoding="UTF-8"?>
<!-- Generated by org.testng.reporters.JUnitReportReporter -->
<testsuite hostname="DESKTOP-CNGLH68" failures="0" tests="1" name="Test.TC10" time="24.867" errors="0" timestamp="28 May 2023 21:01:07 GMT" skipped="0">
  <testcase classname="Test.TC10" name="verify_console_display_all_order_information" time="24.867"/>
</testsuite> <!-- Test.TC10 -->
