<?xml version="1.0" encoding="UTF-8"?>
<!-- Generated by org.testng.reporters.JUnitReportReporter -->
<testsuite skipped="0" hostname="DESKTOP-TUBAGFL" name="Test.TC06" tests="3" failures="0" timestamp="01 Apr 2023 11:01:35 GMT" time="15.697" errors="0">
  <testcase name="verify_flat_rate_shipping_of_5$_is_genrated" time="8.984" classname="Test.TC06"/>
  <testcase name="verify_shipping_cost_is_add_total" time="0.123" classname="Test.TC06"/>
  <testcase name="verify_order_is_created" time="6.590" classname="Test.TC06"/>
</testsuite> <!-- Test.TC06 -->
