<?xml version="1.0" encoding="UTF-8"?>
<!-- Generated by org.testng.reporters.JUnitReportReporter -->
<testsuite skipped="0" hostname="DESKTOP-TUBAGFL" name="Test.TC02" tests="1" failures="0" timestamp="31 Mar 2023 16:09:54 GMT" time="2.380" errors="0">
  <testcase name="verify_product_value" time="2.380" classname="Test.TC02"/>
</testsuite> <!-- Test.TC02 -->
