<?xml version="1.0" encoding="UTF-8"?>
<!-- Generated by org.testng.reporters.JUnitReportReporter -->
<testsuite skipped="0" hostname="DESKTOP-TUBAGFL" name="Test.TC02" tests="1" failures="0" timestamp="01 Apr 2023 13:43:09 GMT" time="2.482" errors="0">
  <testcase name="verify_product_value" time="2.482" classname="Test.TC02"/>
</testsuite> <!-- Test.TC02 -->
