<?xml version="1.0" encoding="UTF-8"?>
<!-- Generated by org.testng.reporters.JUnitReportReporter -->
<testsuite skipped="0" hostname="DESKTOP-TUBAGFL" name="Test.TC01" tests="3" failures="0" timestamp="31 Mar 2023 16:09:54 GMT" time="2.016" errors="0">
  <testcase name="verify_title_of_home_page" time="0.146" classname="Test.TC01"/>
  <testcase name="verfiy_title_of_mobile_page" time="0.985" classname="Test.TC01"/>
  <testcase name="verify_product_sort_by_name" time="0.885" classname="Test.TC01"/>
</testsuite> <!-- Test.TC01 -->
